APPLICATION	Car_Generic <insert.your.version.no> #206 (linux64-9.0.2)
COMPILED	peace@peace-system-product-name 2021-01-26 14:14:47
 
		CMRosIF: Initialization (v0.6.8-CM7.1.2)
		CMRosIF: Read parameters from 'Data/Config/CMRosIFParameters'
		CMRosIF: Loaded library 'ros/ros1_ws/devel/lib/libCMNode_ROS1_HelloCM.so'
		Initialize CarMaker ROS Node
		  -> Node Version = 00800
		  -> ROS Version  = 1062922
		  -> CM Version   = 90002
		  -> Has param '/use_sim_time' with value '1'
		  -> Provide simulation time!
		    -> Publish '/clock' every 100ms
		  -> Publish 'hellocm/cm2ext'
		  -> Publish '/pointcloud/vlp'
		  -> Publish '/pointcloud/os1'
		  -> Publish '/gps_out'
		  -> Publish '/pointcloud/vlp_pc2'
		  -> Publish '/pointcloud/os1_pc2'
		  -> Publish '/Lane/Left0'
		  -> Publish '/Lane/Left1'
		  -> Publish '/Lane/Right0'
		  -> Publish '/Lane/Right1'
		  -> Publish '/imu_out'
		  -> Publish '/traffic_light'
		  -> Subscribe 'hellocm/ext2cm'
		  -> Service Client 'hellocm/init'
		  -> Create Service 'CMRemote'
		Initialization of ROS Node finished!
		  -> Node Name = '/CMNode'
		  -> Namespace = '/'
		  -> Advertised Topics (16)
		    -> /rosout
		    -> /clock
		    -> /hellocm/cm2ext
		    -> /pointcloud/vlp
		    -> /pointcloud/os1
		    -> /gps_out
		    -> /pointcloud/vlp_pc2
		    -> /pointcloud/os1_pc2
		    -> /Lane/Left0
		    -> /Lane/Left1
		    -> /Lane/Right0
		    -> /Lane/Right1
		    -> /imu_out
		    -> /traffic_light
		    -> /tf
		    -> /tf_static
		  -> Subscribed Topics (2)
		    -> /clock
		    -> /hellocm/ext2cm
		CMRosIF_CMNode_MyFunc: Here is my own function from the CarMaker ROS Node library!
FIRST_INIT	(internal default used)	2021-01-26 17:02:40
TIME	0.000
		FName = (no associated file)
		errCode = 0
		CarMaker ROS Node is disabled!
SIM_END			0s	0m
IDLE	17:02:41
SIM_START	Sample Test	2021-01-26 17:02:46
TIME	0.011
		FName = Data/Vehicle/DEEV_Based_AE_EV_SOP_Lidar
		errCode = 0
		CarMaker ROS Node is enabled! Mode=1, SyncMode=0
		  -> Node Name = /CMNode
		  -> Publish /clock every 100ms
		  -> Send Service Request
		  -> Cycle time of external node changed from 15000ms to 10000ms
		External ROS Node is ready to simulate
		Traffic Light 'CtrlTL000_InG' works only in manual mode. For automatic mode at least two phase times should be non zero
		Traffic Light 'CtrlTL000_InG' works only in manual mode. For automatic mode at least two phase times should be non zero
		Traffic Light 'CtrlTL000_InG' works only in manual mode. For automatic mode at least two phase times should be non zero
		Traffic Light 'CtrlTL000_InG' works only in manual mode. For automatic mode at least two phase times should be non zero
		Traffic Light 'CtrlTL000_InG' works only in manual mode. For automatic mode at least two phase times should be non zero
		Traffic Light 'CtrlTL000_InG' works only in manual mode. For automatic mode at least two phase times should be non zero
		Traffic Light 'CtrlTL000_InG' works only in manual mode. For automatic mode at least two phase times should be non zero
		Traffic Light 'CtrlTL000_InG' works only in manual mode. For automatic mode at least two phase times should be non zero
		Traffic Light 'CtrlTL000_InG' works only in manual mode. For automatic mode at least two phase times should be non zero
		Traffic Light 'CtrlTL000_InG' works only in manual mode. For automatic mode at least two phase times should be non zero
		Traffic Light 'CtrlTL000_InG' works only in manual mode. For automatic mode at least two phase times should be non zero
		Traffic Light 'CtrlTL000_InG' works only in manual mode. For automatic mode at least two phase times should be non zero
		Traffic Light 'CtrlTL000_InG' works only in manual mode. For automatic mode at least two phase times should be non zero
		Traffic Light 'CtrlTL000_InG' works only in manual mode. For automatic mode at least two phase times should be non zero
		Traffic Light 'CtrlTL000_InG' works only in manual mode. For automatic mode at least two phase times should be non zero
		Traffic Light 'CtrlTL000_InG' works only in manual mode. For automatic mode at least two phase times should be non zero
		Traffic Light 'CtrlTL000_InG' works only in manual mode. For automatic mode at least two phase times should be non zero
		Traffic Light 'CtrlTL000_InG' works only in manual mode. For automatic mode at least two phase times should be non zero
		Traffic Light 'CtrlTL000_InG' works only in manual mode. For automatic mode at least two phase times should be non zero
		Traffic Light 'CtrlTL000_InG' works only in manual mode. For automatic mode at least two phase times should be non zero
		Traffic Light 'CtrlTL000_InG' works only in manual mode. For automatic mode at least two phase times should be non zero
		Traffic Light 'CtrlTL000_InG' works only in manual mode. For automatic mode at least two phase times should be non zero
		Traffic Light 'CtrlTL000_InG' works only in manual mode. For automatic mode at least two phase times should be non zero
		Traffic Light 'CtrlTL000_InG' works only in manual mode. For automatic mode at least two phase times should be non zero
		Traffic Light 'CtrlTL000_InG' works only in manual mode. For automatic mode at least two phase times should be non zero
		Traffic Light 'CtrlTL000_InG' works only in manual mode. For automatic mode at least two phase times should be non zero
		Traffic Light 'CtrlTL000_InG' works only in manual mode. For automatic mode at least two phase times should be non zero
		Traffic Light 'CtrlTL000_InG' works only in manual mode. For automatic mode at least two phase times should be non zero
		Traffic Light 'CtrlTL000_InG' works only in manual mode. For automatic mode at least two phase times should be non zero
		Traffic Light 'CtrlTL000_InG' works only in manual mode. For automatic mode at least two phase times should be non zero
		Traffic Light 'CtrlTL000_InG' works only in manual mode. For automatic mode at least two phase times should be non zero
		Traffic Light 'CtrlTL000_InG' works only in manual mode. For automatic mode at least two phase times should be non zero
		Traffic Light 'CtrlTL000_InG' works only in manual mode. For automatic mode at least two phase times should be non zero
		Traffic Light 'CtrlTL000_InG' works only in manual mode. For automatic mode at least two phase times should be non zero
		Traffic Light 'CtrlTL000_InG' works only in manual mode. For automatic mode at least two phase times should be non zero
		Traffic Light 'CtrlTL000_InG' works only in manual mode. For automatic mode at least two phase times should be non zero
		Traffic Light 'CtrlTL000_InG' works only in manual mode. For automatic mode at least two phase times should be non zero
		Traffic Light 'CtrlTL000_InG' works only in manual mode. For automatic mode at least two phase times should be non zero
		Traffic Light 'CtrlTL000_InG' works only in manual mode. For automatic mode at least two phase times should be non zero
		Traffic Light 'CtrlTL000_InG' works only in manual mode. For automatic mode at least two phase times should be non zero
		Traffic Light 'CtrlTL000_InG' works only in manual mode. For automatic mode at least two phase times should be non zero
		Traffic Light 'CtrlTL000_InG' works only in manual mode. For automatic mode at least two phase times should be non zero
		Traffic Light 'CtrlTL000_InG' works only in manual mode. For automatic mode at least two phase times should be non zero
		Traffic Light 'CtrlTL000_InG' works only in manual mode. For automatic mode at least two phase times should be non zero
		Traffic Light 'CtrlTL000_InG' works only in manual mode. For automatic mode at least two phase times should be non zero
		Traffic Light 'CtrlTL000_InG' works only in manual mode. For automatic mode at least two phase times should be non zero
		Traffic Light 'CtrlTL000_InG' works only in manual mode. For automatic mode at least two phase times should be non zero
		Traffic Light 'CtrlTL000_InG' works only in manual mode. For automatic mode at least two phase times should be non zero
		Traffic Light 'CtrlTL000_InG' works only in manual mode. For automatic mode at least two phase times should be non zero
		Traffic Light 'CtrlTL000_InG' works only in manual mode. For automatic mode at least two phase times should be non zero
		Traffic Light 'CtrlTL000_InG' works only in manual mode. For automatic mode at least two phase times should be non zero
		Traffic Light 'CtrlTL000_InG' works only in manual mode. For automatic mode at least two phase times should be non zero
		Traffic Light 'CtrlTL000_InG' works only in manual mode. For automatic mode at least two phase times should be non zero
		Traffic Light 'CtrlTL000_InG' works only in manual mode. For automatic mode at least two phase times should be non zero
		Traffic Light 'CtrlTL000_InG' works only in manual mode. For automatic mode at least two phase times should be non zero
		Traffic Light 'CtrlTL000_InG' works only in manual mode. For automatic mode at least two phase times should be non zero
		Traffic Light 'CtrlTL000_InG' works only in manual mode. For automatic mode at least two phase times should be non zero
		Traffic Light 'CtrlTL000_InG' works only in manual mode. For automatic mode at least two phase times should be non zero
		Traffic Light 'CtrlTL000_InG' works only in manual mode. For automatic mode at least two phase times should be non zero
		Traffic Light 'CtrlTL000_InG' works only in manual mode. For automatic mode at least two phase times should be non zero
		Traffic Light 'CtrlTL000_InG' works only in manual mode. For automatic mode at least two phase times should be non zero
		Traffic Light 'CtrlTL000_InG' works only in manual mode. For automatic mode at least two phase times should be non zero
		Traffic Light 'CtrlTL000_InG' works only in manual mode. For automatic mode at least two phase times should be non zero
		Traffic Light 'CtrlTL000_InG' works only in manual mode. For automatic mode at least two phase times should be non zero
		Traffic Light 'CtrlTL000_InG' works only in manual mode. For automatic mode at least two phase times should be non zero
		Traffic Light 'CtrlTL000_InG' works only in manual mode. For automatic mode at least two phase times should be non zero
		Traffic Light 'CtrlTL000_InG' works only in manual mode. For automatic mode at least two phase times should be non zero
		Traffic Light 'CtrlTL000_InG' works only in manual mode. For automatic mode at least two phase times should be non zero
		Traffic Light 'CtrlTL000_InG' works only in manual mode. For automatic mode at least two phase times should be non zero
		Traffic Light 'CtrlTL000_InG' works only in manual mode. For automatic mode at least two phase times should be non zero
		Traffic Light 'CtrlTL000_InG' works only in manual mode. For automatic mode at least two phase times should be non zero
		Traffic Light 'CtrlTL000_InG' works only in manual mode. For automatic mode at least two phase times should be non zero
		Traffic Light 'CtrlTL000_InG' works only in manual mode. For automatic mode at least two phase times should be non zero
		Traffic Light 'CtrlTL000_InG' works only in manual mode. For automatic mode at least two phase times should be non zero
		Traffic Light 'CtrlTL000_InG' works only in manual mode. For automatic mode at least two phase times should be non zero
		Traffic Light 'CtrlTL000_InG' works only in manual mode. For automatic mode at least two phase times should be non zero
		Traffic Light 'CtrlTL000_InG' works only in manual mode. For automatic mode at least two phase times should be non zero
		Traffic Light 'CtrlTL000_InG' works only in manual mode. For automatic mode at least two phase times should be non zero
		Traffic Light 'CtrlTL000_InG' works only in manual mode. For automatic mode at least two phase times should be non zero
		Traffic Light 'CtrlTL000_InG' works only in manual mode. For automatic mode at least two phase times should be non zero
		Traffic Light 'CtrlTL000_InG' works only in manual mode. For automatic mode at least two phase times should be non zero
		Traffic Light 'CtrlTL000_InG' works only in manual mode. For automatic mode at least two phase times should be non zero
		Traffic Light 'CtrlTL000_InG' works only in manual mode. For automatic mode at least two phase times should be non zero
		Traffic Light 'CtrlTL000_InG' works only in manual mode. For automatic mode at least two phase times should be non zero
		Traffic Light 'CtrlTL000_InG' works only in manual mode. For automatic mode at least two phase times should be non zero
		Traffic Light 'CtrlTL000_InG' works only in manual mode. For automatic mode at least two phase times should be non zero
		Traffic Light 'CtrlTL000_inR' works only in manual mode. For automatic mode at least two phase times should be non zero
		Traffic Light 'CtrlTL000_inR' works only in manual mode. For automatic mode at least two phase times should be non zero
		Traffic Light 'CtrlTL000_inR' works only in manual mode. For automatic mode at least two phase times should be non zero
		Traffic Light 'CtrlTL000_inR' works only in manual mode. For automatic mode at least two phase times should be non zero
		Traffic Light 'CtrlTL000_inR' works only in manual mode. For automatic mode at least two phase times should be non zero
		Traffic Light 'CtrlTL000_inR' works only in manual mode. For automatic mode at least two phase times should be non zero
		Traffic Light 'CtrlTL000_inR' works only in manual mode. For automatic mode at least two phase times should be non zero
		Traffic Light 'CtrlTL000_inR' works only in manual mode. For automatic mode at least two phase times should be non zero
		Traffic Light 'CtrlTL000_inR' works only in manual mode. For automatic mode at least two phase times should be non zero
		Traffic Light 'CtrlTL000_inR' works only in manual mode. For automatic mode at least two phase times should be non zero
		Traffic Light 'CtrlTL000_inR' works only in manual mode. For automatic mode at least two phase times should be non zero
		Traffic Light 'CtrlTL000_inR' works only in manual mode. For automatic mode at least two phase times should be non zero
		Traffic Light 'CtrlTL000_inR' works only in manual mode. For automatic mode at least two phase times should be non zero
		Traffic Light 'CtrlTL000_inR' works only in manual mode. For automatic mode at least two phase times should be non zero
		Traffic Light 'CtrlTL000_inR' works only in manual mode. For automatic mode at least two phase times should be non zero
		Traffic Light 'CtrlTL000_inR' works only in manual mode. For automatic mode at least two phase times should be non zero
		Traffic Light 'CtrlTL000_inR' works only in manual mode. For automatic mode at least two phase times should be non zero
		Traffic Light 'CtrlTL000_inR' works only in manual mode. For automatic mode at least two phase times should be non zero
		Traffic Light 'CtrlTL000_inR' works only in manual mode. For automatic mode at least two phase times should be non zero
		Traffic Light 'CtrlTL000_inR' works only in manual mode. For automatic mode at least two phase times should be non zero
		Traffic Light 'CtrlTL000_inR' works only in manual mode. For automatic mode at least two phase times should be non zero
		Traffic Light 'CtrlTL000_inR' works only in manual mode. For automatic mode at least two phase times should be non zero
		Traffic Light 'CtrlTL000_inR' works only in manual mode. For automatic mode at least two phase times should be non zero
		Traffic Light 'CtrlTL000_inR' works only in manual mode. For automatic mode at least two phase times should be non zero
		Traffic Light 'CtrlTL000_inR' works only in manual mode. For automatic mode at least two phase times should be non zero
		Traffic Light 'CtrlTL000_inR' works only in manual mode. For automatic mode at least two phase times should be non zero
		Traffic Light 'CtrlTL000_inR' works only in manual mode. For automatic mode at least two phase times should be non zero
		Traffic Light 'CtrlTL000_inR' works only in manual mode. For automatic mode at least two phase times should be non zero
		Traffic Light 'CtrlTL000_inR' works only in manual mode. For automatic mode at least two phase times should be non zero
		Traffic Light 'CtrlTL000_inR' works only in manual mode. For automatic mode at least two phase times should be non zero
		Traffic Light 'CtrlTL000_inR' works only in manual mode. For automatic mode at least two phase times should be non zero
		Traffic Light 'CtrlTL000_inR' works only in manual mode. For automatic mode at least two phase times should be non zero
		Traffic Light 'CtrlTL000_inR' works only in manual mode. For automatic mode at least two phase times should be non zero
		Traffic Light 'CtrlTL000_inR' works only in manual mode. For automatic mode at least two phase times should be non zero
		Traffic Light 'CtrlTL000_inR' works only in manual mode. For automatic mode at least two phase times should be non zero
		Traffic Light 'CtrlTL000_inR' works only in manual mode. For automatic mode at least two phase times should be non zero
		Traffic Light 'CtrlTL000_inR' works only in manual mode. For automatic mode at least two phase times should be non zero
		Traffic Light 'CtrlTL000_inR' works only in manual mode. For automatic mode at least two phase times should be non zero
		Traffic Light 'CtrlTL000_inR' works only in manual mode. For automatic mode at least two phase times should be non zero
		Traffic Light 'CtrlTL000_inR' works only in manual mode. For automatic mode at least two phase times should be non zero
		Traffic Light 'CtrlTL000_inR' works only in manual mode. For automatic mode at least two phase times should be non zero
		Traffic Light 'CtrlTL000_inR' works only in manual mode. For automatic mode at least two phase times should be non zero
		Traffic Light 'CtrlTL000_inR' works only in manual mode. For automatic mode at least two phase times should be non zero
		Traffic Light 'CtrlTL000_inR' works only in manual mode. For automatic mode at least two phase times should be non zero
		Traffic Light 'CtrlTL000_inR' works only in manual mode. For automatic mode at least two phase times should be non zero
		Traffic Light 'CtrlTL000_inR' works only in manual mode. For automatic mode at least two phase times should be non zero
		Traffic Light 'CtrlTL000_inR' works only in manual mode. For automatic mode at least two phase times should be non zero
		Traffic Light 'CtrlTL000_inR' works only in manual mode. For automatic mode at least two phase times should be non zero
		Traffic Light 'CtrlTL000_inR' works only in manual mode. For automatic mode at least two phase times should be non zero
		Traffic Light 'CtrlTL000_inR' works only in manual mode. For automatic mode at least two phase times should be non zero
		Traffic Light 'CtrlTL000_inR' works only in manual mode. For automatic mode at least two phase times should be non zero
		Traffic Light 'CtrlTL000_inR' works only in manual mode. For automatic mode at least two phase times should be non zero
		Traffic Light 'CtrlTL000_inR' works only in manual mode. For automatic mode at least two phase times should be non zero
		Traffic Light 'CtrlTL000_inR' works only in manual mode. For automatic mode at least two phase times should be non zero
		Traffic Light 'CtrlTL000_inR' works only in manual mode. For automatic mode at least two phase times should be non zero
		Traffic Light 'CtrlTL000_inR' works only in manual mode. For automatic mode at least two phase times should be non zero
		Traffic Light 'CtrlTL000_inR' works only in manual mode. For automatic mode at least two phase times should be non zero
		Traffic Light 'CtrlTL000_inR' works only in manual mode. For automatic mode at least two phase times should be non zero
		Traffic Light 'CtrlTL000_inR' works only in manual mode. For automatic mode at least two phase times should be non zero
		Traffic Light 'CtrlTL000_inR' works only in manual mode. For automatic mode at least two phase times should be non zero
		Traffic Light 'CtrlTL000_inR' works only in manual mode. For automatic mode at least two phase times should be non zero
		Traffic Light 'CtrlTL000_inR' works only in manual mode. For automatic mode at least two phase times should be non zero
		Traffic Light 'CtrlTL000_inR' works only in manual mode. For automatic mode at least two phase times should be non zero
		Traffic Light 'CtrlTL000_inR' works only in manual mode. For automatic mode at least two phase times should be non zero
		Traffic Light 'CtrlTL000_inR' works only in manual mode. For automatic mode at least two phase times should be non zero
		Traffic Light 'CtrlTL000_inR' works only in manual mode. For automatic mode at least two phase times should be non zero
		Traffic Light 'CtrlTL000_inR' works only in manual mode. For automatic mode at least two phase times should be non zero
		Traffic Light 'CtrlTL000_inR' works only in manual mode. For automatic mode at least two phase times should be non zero
		Traffic Light 'CtrlTL000_inR' works only in manual mode. For automatic mode at least two phase times should be non zero
		Traffic Light 'CtrlTL000_inR' works only in manual mode. For automatic mode at least two phase times should be non zero
		Traffic Light 'CtrlTL000_inR' works only in manual mode. For automatic mode at least two phase times should be non zero
		Traffic Light 'CtrlTL000_inR' works only in manual mode. For automatic mode at least two phase times should be non zero
		Traffic Light 'CtrlTL000_inR' works only in manual mode. For automatic mode at least two phase times should be non zero
		Traffic Light 'CtrlTL000_inR' works only in manual mode. For automatic mode at least two phase times should be non zero
		Traffic Light 'CtrlTL000_inR' works only in manual mode. For automatic mode at least two phase times should be non zero
		Traffic Light 'CtrlTL000_inR' works only in manual mode. For automatic mode at least two phase times should be non zero
		Traffic Light 'Ped_inR' works only in manual mode. For automatic mode at least two phase times should be non zero
		Traffic Light 'Ped_inR' works only in manual mode. For automatic mode at least two phase times should be non zero
		Traffic Light 'Ped_inR' works only in manual mode. For automatic mode at least two phase times should be non zero
		Traffic Light 'Ped_inR' works only in manual mode. For automatic mode at least two phase times should be non zero
		Traffic Light 'Ped_inR' works only in manual mode. For automatic mode at least two phase times should be non zero
		Traffic Light 'Ped_inR' works only in manual mode. For automatic mode at least two phase times should be non zero
		Traffic Light 'Ped_inR' works only in manual mode. For automatic mode at least two phase times should be non zero
		Traffic Light 'Ped_inR' works only in manual mode. For automatic mode at least two phase times should be non zero
		Traffic Light 'Ped_inR' works only in manual mode. For automatic mode at least two phase times should be non zero
		Traffic Light 'Ped_inR' works only in manual mode. For automatic mode at least two phase times should be non zero
		Traffic Light 'Ped_inR' works only in manual mode. For automatic mode at least two phase times should be non zero
		Traffic Light 'Ped_inR' works only in manual mode. For automatic mode at least two phase times should be non zero
		Traffic Light 'Ped_inR' works only in manual mode. For automatic mode at least two phase times should be non zero
		Traffic Light 'Ped_inR' works only in manual mode. For automatic mode at least two phase times should be non zero
		Traffic Light 'Ped_inR' works only in manual mode. For automatic mode at least two phase times should be non zero
		Traffic Light 'Ped_inR' works only in manual mode. For automatic mode at least two phase times should be non zero
		Traffic Light 'Ped_inR' works only in manual mode. For automatic mode at least two phase times should be non zero
		Traffic Light 'Ped_inR' works only in manual mode. For automatic mode at least two phase times should be non zero
		Traffic Light 'Ped_inR' works only in manual mode. For automatic mode at least two phase times should be non zero
		Traffic Light 'Ped_inR' works only in manual mode. For automatic mode at least two phase times should be non zero
		Traffic Light 'Ped_inR' works only in manual mode. For automatic mode at least two phase times should be non zero
		Traffic Light 'Ped_inR' works only in manual mode. For automatic mode at least two phase times should be non zero
		Traffic Light 'Ped_inR' works only in manual mode. For automatic mode at least two phase times should be non zero
		Traffic Light 'Ped_inR' works only in manual mode. For automatic mode at least two phase times should be non zero
		Traffic Light 'Ped_inR' works only in manual mode. For automatic mode at least two phase times should be non zero
		Traffic Light 'Ped_inR' works only in manual mode. For automatic mode at least two phase times should be non zero
		Traffic Light 'Ped_inR' works only in manual mode. For automatic mode at least two phase times should be non zero
		Traffic Light 'Ped_inR' works only in manual mode. For automatic mode at least two phase times should be non zero
		Traffic Light 'Ped_inR' works only in manual mode. For automatic mode at least two phase times should be non zero
		Traffic Light 'Ped_inR' works only in manual mode. For automatic mode at least two phase times should be non zero
		Traffic Light 'Ped_inR' works only in manual mode. For automatic mode at least two phase times should be non zero
		Traffic Light 'Ped_inR' works only in manual mode. For automatic mode at least two phase times should be non zero
		Traffic Light 'Ped_inR' works only in manual mode. For automatic mode at least two phase times should be non zero
		Traffic Light 'Ped_inR' works only in manual mode. For automatic mode at least two phase times should be non zero
		Traffic Light 'Ped_inR' works only in manual mode. For automatic mode at least two phase times should be non zero
		Traffic Light 'Ped_inR' works only in manual mode. For automatic mode at least two phase times should be non zero
		Traffic Light 'Ped_inR' works only in manual mode. For automatic mode at least two phase times should be non zero
		Traffic Light 'Ped_inR' works only in manual mode. For automatic mode at least two phase times should be non zero
		Traffic Light 'Ped_inR' works only in manual mode. For automatic mode at least two phase times should be non zero
		Traffic Light 'Ped_inR' works only in manual mode. For automatic mode at least two phase times should be non zero
		Traffic Light 'Ped_inR' works only in manual mode. For automatic mode at least two phase times should be non zero
		Traffic Light 'Ped_inR' works only in manual mode. For automatic mode at least two phase times should be non zero
		Traffic Light 'Ped_inR' works only in manual mode. For automatic mode at least two phase times should be non zero
		Traffic Light 'Ped_inR' works only in manual mode. For automatic mode at least two phase times should be non zero
		Traffic Light 'Ped_inR' works only in manual mode. For automatic mode at least two phase times should be non zero
		Traffic Light 'Ped_inR' works only in manual mode. For automatic mode at least two phase times should be non zero
		Traffic Light 'Ped_inR' works only in manual mode. For automatic mode at least two phase times should be non zero
		Traffic Light 'Ped_inR' works only in manual mode. For automatic mode at least two phase times should be non zero
		Traffic Light 'Ped_inR' works only in manual mode. For automatic mode at least two phase times should be non zero
		Traffic Light 'Ped_inR' works only in manual mode. For automatic mode at least two phase times should be non zero
		Traffic Light 'Ped_inR' works only in manual mode. For automatic mode at least two phase times should be non zero
		Traffic Light 'Ped_inR' works only in manual mode. For automatic mode at least two phase times should be non zero
		Traffic Light 'Ped_inR' works only in manual mode. For automatic mode at least two phase times should be non zero
		Traffic Light 'Ped_inR' works only in manual mode. For automatic mode at least two phase times should be non zero
		Traffic Light 'Ped_inR' works only in manual mode. For automatic mode at least two phase times should be non zero
		Traffic Light 'Ped_inR' works only in manual mode. For automatic mode at least two phase times should be non zero
		Traffic Light 'Ped_inR' works only in manual mode. For automatic mode at least two phase times should be non zero
		Traffic Light 'Ped_inR' works only in manual mode. For automatic mode at least two phase times should be non zero
		Traffic Light 'Ped_inR' works only in manual mode. For automatic mode at least two phase times should be non zero
		Traffic Light 'Ped_inR' works only in manual mode. For automatic mode at least two phase times should be non zero
		Traffic Light 'Ped_inR' works only in manual mode. For automatic mode at least two phase times should be non zero
		Traffic Light 'Ped_inR' works only in manual mode. For automatic mode at least two phase times should be non zero
		Traffic Light 'Ped_inR' works only in manual mode. For automatic mode at least two phase times should be non zero
		Traffic Light 'Ped_inR' works only in manual mode. For automatic mode at least two phase times should be non zero
		Traffic Light 'Ped_inR' works only in manual mode. For automatic mode at least two phase times should be non zero
		Traffic Light 'Ped_inR' works only in manual mode. For automatic mode at least two phase times should be non zero
		Traffic Light 'Ped_inG' works only in manual mode. For automatic mode at least two phase times should be non zero
		Traffic Light 'Ped_inG' works only in manual mode. For automatic mode at least two phase times should be non zero
		Traffic Light 'Ped_inG' works only in manual mode. For automatic mode at least two phase times should be non zero
		Traffic Light 'Ped_inG' works only in manual mode. For automatic mode at least two phase times should be non zero
		Traffic Light 'Ped_inG' works only in manual mode. For automatic mode at least two phase times should be non zero
		Traffic Light 'Ped_inG' works only in manual mode. For automatic mode at least two phase times should be non zero
		Traffic Light 'Ped_inG' works only in manual mode. For automatic mode at least two phase times should be non zero
		Traffic Light 'Ped_inG' works only in manual mode. For automatic mode at least two phase times should be non zero
		Traffic Light 'Ped_inG' works only in manual mode. For automatic mode at least two phase times should be non zero
		Traffic Light 'Ped_inG' works only in manual mode. For automatic mode at least two phase times should be non zero
		Traffic Light 'Ped_inG' works only in manual mode. For automatic mode at least two phase times should be non zero
		Traffic Light 'Ped_inG' works only in manual mode. For automatic mode at least two phase times should be non zero
		Traffic Light 'Ped_inG' works only in manual mode. For automatic mode at least two phase times should be non zero
		Traffic Light 'Ped_inG' works only in manual mode. For automatic mode at least two phase times should be non zero
		Traffic Light 'Ped_inG' works only in manual mode. For automatic mode at least two phase times should be non zero
		Traffic Light 'Ped_inG' works only in manual mode. For automatic mode at least two phase times should be non zero
		Traffic Light 'Ped_inG' works only in manual mode. For automatic mode at least two phase times should be non zero
		Traffic Light 'Ped_inG' works only in manual mode. For automatic mode at least two phase times should be non zero
		Traffic Light 'Ped_inG' works only in manual mode. For automatic mode at least two phase times should be non zero
		Traffic Light 'Ped_inG' works only in manual mode. For automatic mode at least two phase times should be non zero
		Traffic Light 'Ped_inG' works only in manual mode. For automatic mode at least two phase times should be non zero
		Traffic Light 'Ped_inG' works only in manual mode. For automatic mode at least two phase times should be non zero
		Traffic Light 'Ped_inG' works only in manual mode. For automatic mode at least two phase times should be non zero
		Traffic Light 'Ped_inG' works only in manual mode. For automatic mode at least two phase times should be non zero
		Traffic Light 'Ped_inG' works only in manual mode. For automatic mode at least two phase times should be non zero
		Traffic Light 'Ped_inG' works only in manual mode. For automatic mode at least two phase times should be non zero
		Traffic Light 'Ped_inG' works only in manual mode. For automatic mode at least two phase times should be non zero
		Traffic Light 'Ped_inG' works only in manual mode. For automatic mode at least two phase times should be non zero
		Traffic Light 'Ped_inG' works only in manual mode. For automatic mode at least two phase times should be non zero
		Traffic Light 'Ped_inG' works only in manual mode. For automatic mode at least two phase times should be non zero
		Traffic Light 'Ped_inG' works only in manual mode. For automatic mode at least two phase times should be non zero
		Traffic Light 'Ped_inG' works only in manual mode. For automatic mode at least two phase times should be non zero
		Traffic Light 'Ped_inG' works only in manual mode. For automatic mode at least two phase times should be non zero
		Traffic Light 'Ped_inG' works only in manual mode. For automatic mode at least two phase times should be non zero
		Traffic Light 'Ped_inG' works only in manual mode. For automatic mode at least two phase times should be non zero
		Traffic Light 'Ped_inG' works only in manual mode. For automatic mode at least two phase times should be non zero
		Traffic Light 'Ped_inG' works only in manual mode. For automatic mode at least two phase times should be non zero
		Traffic Light 'Ped_inG' works only in manual mode. For automatic mode at least two phase times should be non zero
		Traffic Light 'Ped_inG' works only in manual mode. For automatic mode at least two phase times should be non zero
		Traffic Light 'Ped_inG' works only in manual mode. For automatic mode at least two phase times should be non zero
		Traffic Light 'Ped_inG' works only in manual mode. For automatic mode at least two phase times should be non zero
		Traffic Light 'Ped_inG' works only in manual mode. For automatic mode at least two phase times should be non zero
		Traffic Light 'Ped_inG' works only in manual mode. For automatic mode at least two phase times should be non zero
		Traffic Light 'Ped_inG' works only in manual mode. For automatic mode at least two phase times should be non zero
		Traffic Light 'Ped_inG' works only in manual mode. For automatic mode at least two phase times should be non zero
		Traffic Light 'Ped_inG' works only in manual mode. For automatic mode at least two phase times should be non zero
		Traffic Light 'Ped_inG' works only in manual mode. For automatic mode at least two phase times should be non zero
		Traffic Light 'Ped_inG' works only in manual mode. For automatic mode at least two phase times should be non zero
		Traffic Light 'Ped_inG' works only in manual mode. For automatic mode at least two phase times should be non zero
		Traffic Light 'Ped_inG' works only in manual mode. For automatic mode at least two phase times should be non zero
		Traffic Light 'Ped_inG' works only in manual mode. For automatic mode at least two phase times should be non zero
		Traffic Light 'Ped_inG' works only in manual mode. For automatic mode at least two phase times should be non zero
		Traffic Light 'Ped_inG' works only in manual mode. For automatic mode at least two phase times should be non zero
		Traffic Light 'Ped_inG' works only in manual mode. For automatic mode at least two phase times should be non zero
		Traffic Light 'Ped_inG' works only in manual mode. For automatic mode at least two phase times should be non zero
		Traffic Light 'Ped_inG' works only in manual mode. For automatic mode at least two phase times should be non zero
		
Lidar module:
		Amount of LidarRSI sensors: 2
		Sensor Kind[0]: VLP_16
		IP: 192.168.0.1
		Port: 50010
		BeamFile[0]: Data/Sensor/LidarRSI_VLP_16
		Sensor Kind[1]: OS1_64
		IP: 192.168.0.1
		Port: 50011
		BeamFile[1]: Data/Sensor/LidarRSI_OS1_64
		
Vehicle control module:
		Port of UDP_InSocket of Vehicle control: 60001
		Reverse Gain P/I: 0.500/0.100
		
LineSens module:
		Amount of Line sensors: 1
		IP: 192.168.0.1
		Port: 50012
		Noise: 0.050 [m]
		
Traffic Light UDP module:
		IP: 192.168.0.1
		Port: 50201
		Cycle time: 100 [ms]
		
TrafficSign Sensor module:
		Amount of TSign sensors: 1
		IP: (null)
		Port: 50041
		
Vehicle Info UDP module:
		IP: 192.168.0.1
		Port: 50301
		Vehicle Info Cycle time: 1 [ms]
		GNSS Cycle time: 100 [ms]
		Current random seed value = 1611648166
TIME	0.000
SIMULATE	Sample Test

TIME	10.004
		/CMNode (CMSimTime=10.003s): External Node is in cycle 1, Time=10.000s, Stamp=1611648190.213s, SeqID=0
TIME	20.003
		/CMNode (CMSimTime=20.002s): External Node is in cycle 2, Time=20.000s, Stamp=1611648200.214s, SeqID=1
TIME	30.003
		/CMNode (CMSimTime=30.002s): External Node is in cycle 3, Time=30.000s, Stamp=1611648210.206s, SeqID=2
TIME	40.003
		/CMNode (CMSimTime=40.002s): External Node is in cycle 4, Time=40.000s, Stamp=1611648220.208s, SeqID=3
TIME	50.004
		/CMNode (CMSimTime=50.003s): External Node is in cycle 5, Time=50.000s, Stamp=1611648230.209s, SeqID=4
TIME	60.004
		/CMNode (CMSimTime=60.003s): External Node is in cycle 6, Time=60.000s, Stamp=1611648240.216s, SeqID=5
TIME	70.003
		/CMNode (CMSimTime=70.002s): External Node is in cycle 7, Time=70.000s, Stamp=1611648250.210s, SeqID=6
TIME	80.003
		/CMNode (CMSimTime=80.002s): External Node is in cycle 8, Time=80.000s, Stamp=1611648260.215s, SeqID=7
TIME	90.003
		/CMNode (CMSimTime=90.002s): External Node is in cycle 9, Time=90.000s, Stamp=1611648270.212s, SeqID=8
TIME	100.003
		/CMNode (CMSimTime=100.002s): External Node is in cycle 10, Time=100.000s, Stamp=1611648280.209s, SeqID=9
TIME	110.003
		/CMNode (CMSimTime=110.002s): External Node is in cycle 11, Time=110.000s, Stamp=1611648290.209s, SeqID=10
TIME	120.003
		/CMNode (CMSimTime=120.002s): External Node is in cycle 12, Time=120.000s, Stamp=1611648300.213s, SeqID=11
TIME	130.003
		/CMNode (CMSimTime=130.002s): External Node is in cycle 13, Time=130.000s, Stamp=1611648310.208s, SeqID=12
TIME	140.003
		/CMNode (CMSimTime=140.002s): External Node is in cycle 14, Time=140.000s, Stamp=1611648320.207s, SeqID=13
SIM_END		Sample Test	140.691s	1150.38m
TIME	146.093
SHUTDOWN	CarMaker shutdown initiated

		CMRosIF_CMNode_End: End
