

SYSTEM_START	-	peace-System-Product-Name	peace-System-Product-Name	2021-01-22 12:21:38


SYSTEM_INFO	Car_Generic <insert.your.version.no> #152	peace@peace-system-product-name 2021-01-22 12:20:17	(9.0.2 fh@obelix.ipg 2020-08-05 17:14:25)
SIM	1611285698	peace-System-Product-Name			0	0	0


SYSTEM_START	-	peace-System-Product-Name	peace-System-Product-Name	2021-01-22 12:26:53


SYSTEM_INFO	Car_Generic <insert.your.version.no> #153	peace@peace-system-product-name 2021-01-22 12:26:37	(9.0.2 fh@obelix.ipg 2020-08-05 17:14:25)


SYSTEM_START	-	peace-System-Product-Name	peace-System-Product-Name	2021-01-22 12:27:03


SYSTEM_INFO	Car_Generic <insert.your.version.no> #153	peace@peace-system-product-name 2021-01-22 12:26:37	(9.0.2 fh@obelix.ipg 2020-08-05 17:14:25)
SIM	1611286023	peace-System-Product-Name			0	0	0


SYSTEM_START	-	peace-System-Product-Name	peace-System-Product-Name	2021-01-22 16:57:25


SYSTEM_INFO	Car_Generic <insert.your.version.no> #160	peace@peace-system-product-name 2021-01-22 16:57:02	(9.0.2 fh@obelix.ipg 2020-08-05 17:14:25)


SYSTEM_START	-	peace-System-Product-Name	peace-System-Product-Name	2021-01-22 16:57:45


SYSTEM_INFO	Car_Generic <insert.your.version.no> #160	peace@peace-system-product-name 2021-01-22 16:57:02	(9.0.2 fh@obelix.ipg 2020-08-05 17:14:25)


SYSTEM_START	-	peace-System-Product-Name	peace-System-Product-Name	2021-01-22 17:01:23


SYSTEM_INFO	Car_Generic <insert.your.version.no> #162	peace@peace-system-product-name 2021-01-22 17:01:05	(9.0.2 fh@obelix.ipg 2020-08-05 17:14:25)


SYSTEM_START	-	peace-System-Product-Name	peace-System-Product-Name	2021-01-22 17:17:03


SYSTEM_INFO	Car_Generic <insert.your.version.no> #168	peace@peace-system-product-name 2021-01-22 17:16:46	(9.0.2 fh@obelix.ipg 2020-08-05 17:14:25)


SYSTEM_START	-	peace-System-Product-Name	peace-System-Product-Name	2021-01-22 18:40:07


SYSTEM_INFO	Car_Generic <insert.your.version.no> #196	peace@peace-system-product-name 2021-01-22 18:39:51	(9.0.2 fh@obelix.ipg 2020-08-05 17:14:25)
SIM	1611308408	peace-System-Product-Name			0	0	0
SIM	1611308952	peace-System-Product-Name	peace	unknown	1	0	0


SYSTEM_START	-	peace-System-Product-Name	peace-System-Product-Name	2021-01-22 18:50:21


SYSTEM_INFO	Car_Generic <insert.your.version.no> #196	peace@peace-system-product-name 2021-01-22 18:39:51	(9.0.2 fh@obelix.ipg 2020-08-05 17:14:25)


SYSTEM_START	-	peace-System-Product-Name	peace-System-Product-Name	2021-01-22 18:50:35


SYSTEM_INFO	Car_Generic <insert.your.version.no> #196	peace@peace-system-product-name 2021-01-22 18:39:51	(9.0.2 fh@obelix.ipg 2020-08-05 17:14:25)
SIM	1611309035	peace-System-Product-Name			0	0	0
SIM	1611309046	peace-System-Product-Name	peace	unknown	1	0	0
SIM	1611309090	peace-System-Product-Name	peace	unknown	1	0	0


SYSTEM_START	-	peace-System-Product-Name	peace-System-Product-Name	2021-01-22 18:54:10


SYSTEM_INFO	Car_Generic <insert.your.version.no> #197	peace@peace-system-product-name 2021-01-22 18:53:35	(9.0.2 fh@obelix.ipg 2020-08-05 17:14:25)


SYSTEM_START	-	peace-System-Product-Name	peace-System-Product-Name	2021-01-22 18:54:27


SYSTEM_INFO	Car_Generic <insert.your.version.no> #197	peace@peace-system-product-name 2021-01-22 18:53:35	(9.0.2 fh@obelix.ipg 2020-08-05 17:14:25)
SIM	1611309268	peace-System-Product-Name			0	0	0
SIM	1611309279	peace-System-Product-Name	peace	unknown	1	129.759	709.646


SYSTEM_START	-	peace-System-Product-Name	peace-System-Product-Name	2021-01-26 13:44:30


SYSTEM_INFO	Car_Generic <insert.your.version.no> #197	peace@peace-system-product-name 2021-01-22 18:53:35	(9.0.2 fh@obelix.ipg 2020-08-05 17:14:25)


SYSTEM_START	-	peace-System-Product-Name	peace-System-Product-Name	2021-01-26 13:44:48


SYSTEM_INFO	Car_Generic <insert.your.version.no> #197	peace@peace-system-product-name 2021-01-22 18:53:35	(9.0.2 fh@obelix.ipg 2020-08-05 17:14:25)
SIM	1611636288	peace-System-Product-Name			0	0	0


SYSTEM_START	-	peace-System-Product-Name	peace-System-Product-Name	2021-01-26 13:46:10


SYSTEM_INFO	Car_Generic <insert.your.version.no> #197	peace@peace-system-product-name 2021-01-22 18:53:35	(9.0.2 fh@obelix.ipg 2020-08-05 17:14:25)


SYSTEM_START	-	peace-System-Product-Name	peace-System-Product-Name	2021-01-26 13:46:27


SYSTEM_INFO	Car_Generic <insert.your.version.no> #197	peace@peace-system-product-name 2021-01-22 18:53:35	(9.0.2 fh@obelix.ipg 2020-08-05 17:14:25)
SIM	1611636388	peace-System-Product-Name			0	0	0
SIM	1611636399	peace-System-Product-Name	peace	unknown	1	104.231	709.643


SYSTEM_START	-	peace-System-Product-Name	peace-System-Product-Name	2021-01-26 13:51:38


SYSTEM_INFO	Car_Generic <insert.your.version.no> #198	peace@peace-system-product-name 2021-01-26 13:50:50	(9.0.2 fh@obelix.ipg 2020-08-05 17:14:25)


SYSTEM_START	-	peace-System-Product-Name	peace-System-Product-Name	2021-01-26 13:51:55


SYSTEM_INFO	Car_Generic <insert.your.version.no> #198	peace@peace-system-product-name 2021-01-26 13:50:50	(9.0.2 fh@obelix.ipg 2020-08-05 17:14:25)
SIM	1611636715	peace-System-Product-Name			0	0	0
SIM	1611636738	peace-System-Product-Name	peace	unknown	0	140.691	1150.38


SYSTEM_START	-	peace-System-Product-Name	peace-System-Product-Name	2021-01-26 14:06:59


SYSTEM_INFO	Car_Generic <insert.your.version.no> #203	peace@peace-system-product-name 2021-01-26 14:06:21	(9.0.2 fh@obelix.ipg 2020-08-05 17:14:25)


SYSTEM_START	-	peace-System-Product-Name	peace-System-Product-Name	2021-01-26 14:07:35


SYSTEM_INFO	Car_Generic <insert.your.version.no> #203	peace@peace-system-product-name 2021-01-26 14:06:21	(9.0.2 fh@obelix.ipg 2020-08-05 17:14:25)
SIM	1611637655	peace-System-Product-Name			0	0	0
SIM	1611637673	peace-System-Product-Name	peace	unknown	1	32.833	255.586


SYSTEM_START	-	peace-System-Product-Name	peace-System-Product-Name	2021-01-26 14:09:19


SYSTEM_INFO	Car_Generic <insert.your.version.no> #204	peace@peace-system-product-name 2021-01-26 14:08:43	(9.0.2 fh@obelix.ipg 2020-08-05 17:14:25)


SYSTEM_START	-	peace-System-Product-Name	peace-System-Product-Name	2021-01-26 14:09:34


SYSTEM_INFO	Car_Generic <insert.your.version.no> #204	peace@peace-system-product-name 2021-01-26 14:08:43	(9.0.2 fh@obelix.ipg 2020-08-05 17:14:25)
SIM	1611637774	peace-System-Product-Name			0	0	0
SIM	1611637788	peace-System-Product-Name	peace	unknown	0	140.691	1150.38


SYSTEM_START	-	peace-System-Product-Name	peace-System-Product-Name	2021-01-26 14:15:47


SYSTEM_INFO	Car_Generic <insert.your.version.no> #206	peace@peace-system-product-name 2021-01-26 14:14:47	(9.0.2 fh@obelix.ipg 2020-08-05 17:14:25)
SIM	1611638147	peace-System-Product-Name			0	0	0
SIM	1611638158	peace-System-Product-Name	peace	Sample_Test	0	140.691	1150.38


SYSTEM_START	-	peace-System-Product-Name	peace-System-Product-Name	2021-01-26 17:02:40


SYSTEM_INFO	Car_Generic <insert.your.version.no> #206	peace@peace-system-product-name 2021-01-26 14:14:47	(9.0.2 fh@obelix.ipg 2020-08-05 17:14:25)
SIM	1611648160	peace-System-Product-Name			0	0	0
SIM	1611648166	peace-System-Product-Name	peace	Sample_Test	0	140.691	1150.38


SYSTEM_START	-	peace-System-Product-Name	peace-System-Product-Name	2021-01-26 17:06:18


SYSTEM_INFO	Car_Generic <insert.your.version.no> #207	peace@peace-system-product-name 2021-01-26 17:06:05	(9.0.2 fh@obelix.ipg 2020-08-05 17:14:25)
SIM	1611648379	peace-System-Product-Name			0	0	0
SIM	1611648388	peace-System-Product-Name	peace	Sample_Test	0	140.691	1150.38
SIM	1611649705	peace-System-Product-Name	peace	Sample_Test	0	140.691	1150.38
SIM	1611649975	peace-System-Product-Name	peace	Sample_Test	0	140.691	1150.38


SYSTEM_START	-	peace-System-Product-Name	peace-System-Product-Name	2021-01-26 17:38:40


SYSTEM_INFO	Car_Generic <insert.your.version.no> #208	peace@peace-system-product-name 2021-01-26 17:38:14	(9.0.2 fh@obelix.ipg 2020-08-05 17:14:25)
SIM	1611650320	peace-System-Product-Name			0	0	0
SIM	1611650323	peace-System-Product-Name	peace	Sample_Test	0	140.691	1150.38


SYSTEM_START	-	peace-System-Product-Name	peace-System-Product-Name	2021-01-26 17:43:07


SYSTEM_INFO	Car_Generic <insert.your.version.no> #210	peace@peace-system-product-name 2021-01-26 17:42:53	(9.0.2 fh@obelix.ipg 2020-08-05 17:14:25)
SIM	1611650588	peace-System-Product-Name			0	0	0
SIM	1611650590	peace-System-Product-Name	peace	Sample_Test	1	133.895	1093.7


SYSTEM_START	-	peace-System-Product-Name	peace-System-Product-Name	2021-01-27 11:42:44


SYSTEM_INFO	Car_Generic <insert.your.version.no> #216	peace@peace-system-product-name 2021-01-27 11:42:00	(9.0.2 fh@obelix.ipg 2020-08-05 17:14:25)


SYSTEM_START	-	peace-System-Product-Name	peace-System-Product-Name	2021-01-27 11:43:01


SYSTEM_INFO	Car_Generic <insert.your.version.no> #216	peace@peace-system-product-name 2021-01-27 11:42:00	(9.0.2 fh@obelix.ipg 2020-08-05 17:14:25)
SIM	1611715382	peace-System-Product-Name			0	0	0
SIM	1611715452	peace-System-Product-Name	peace	Sample_Test	0	140.691	1150.38


SYSTEM_START	-	peace-System-Product-Name	peace-System-Product-Name	2021-01-27 13:51:59


SYSTEM_INFO	Car_Generic <insert.your.version.no> #216	peace@peace-system-product-name 2021-01-27 11:42:00	(9.0.2 fh@obelix.ipg 2020-08-05 17:14:25)
SIM	1611723119	peace-System-Product-Name			0	0	0
SIM	1611723130	peace-System-Product-Name	peace	unknown	1	0	0


SYSTEM_START	-	peace-System-Product-Name	peace-System-Product-Name	2021-01-27 13:52:59


SYSTEM_INFO	Car_Generic <insert.your.version.no> #216	peace@peace-system-product-name 2021-01-27 11:42:00	(9.0.2 fh@obelix.ipg 2020-08-05 17:14:25)
SIM	1611723179	peace-System-Product-Name			0	0	0
SIM	1611723193	peace-System-Product-Name	peace	unknown	1	651.697	3.85045


SYSTEM_START	-	peace-System-Product-Name	peace-System-Product-Name	2021-01-27 14:14:06


SYSTEM_INFO	Car_Generic <insert.your.version.no> #216	peace@peace-system-product-name 2021-01-27 11:42:00	(9.0.2 fh@obelix.ipg 2020-08-05 17:14:25)
SIM	1611724447	peace-System-Product-Name			0	0	0
SIM	1611724457	peace-System-Product-Name	peace	unknown	1	81.253	1.23009


SYSTEM_START	-	peace-System-Product-Name	peace-System-Product-Name	2021-01-27 14:52:39


SYSTEM_INFO	Car_Generic <insert.your.version.no> #216	peace@peace-system-product-name 2021-01-27 11:42:00	(9.0.2 fh@obelix.ipg 2020-08-05 17:14:25)
SIM	1611726759	peace-System-Product-Name			0	0	0
SIM	1611726762	peace-System-Product-Name	peace	Sample_Test	1	0	0


SYSTEM_START	-	peace-System-Product-Name	peace-System-Product-Name	2021-01-27 14:52:53


SYSTEM_INFO	Car_Generic <insert.your.version.no> #216	peace@peace-system-product-name 2021-01-27 11:42:00	(9.0.2 fh@obelix.ipg 2020-08-05 17:14:25)
SIM	1611726773	peace-System-Product-Name			0	0	0
SIM	1611726798	peace-System-Product-Name	peace	Sample_Test	0	140.691	1150.38
SIM	1611728319	peace-System-Product-Name	peace	Sample_Test	0	87.001	701.284
SIM	1611728428	peace-System-Product-Name	peace	Sample_Test	0	140.691	1150.38


SYSTEM_START	-	peace-System-Product-Name	peace-System-Product-Name	2021-01-27 15:35:09


SYSTEM_INFO	Car_Generic <insert.your.version.no> #216	peace@peace-system-product-name 2021-01-27 11:42:00	(9.0.2 fh@obelix.ipg 2020-08-05 17:14:25)
SIM	1611729310	peace-System-Product-Name			0	0	0
SIM	1611729320	peace-System-Product-Name	peace	Sample_Test	1	0	0


SYSTEM_START	-	peace-System-Product-Name	peace-System-Product-Name	2021-01-27 15:35:44


SYSTEM_INFO	Car_Generic <insert.your.version.no> #216	peace@peace-system-product-name 2021-01-27 11:42:00	(9.0.2 fh@obelix.ipg 2020-08-05 17:14:25)
SIM	1611729345	peace-System-Product-Name			0	0	0
SIM	1611729354	peace-System-Product-Name	peace	Sample_Test	0	140.691	1150.38


SYSTEM_START	-	peace-System-Product-Name	peace-System-Product-Name	2021-01-27 15:59:05


SYSTEM_INFO	Car_Generic <insert.your.version.no> #216	peace@peace-system-product-name 2021-01-27 11:42:00	(9.0.2 fh@obelix.ipg 2020-08-05 17:14:25)
SIM	1611730745	peace-System-Product-Name			0	0	0
SIM	1611730761	peace-System-Product-Name	peace	Sample_Test	4	0	0
SIM	1611730803	peace-System-Product-Name	peace	Sample_Test	4	0	0
SIM	1611730871	peace-System-Product-Name	peace	Sample_Test	4	0	0
SIM	1611730905	peace-System-Product-Name	peace	Sample_Test	4	0	0
SIM	1611731040	peace-System-Product-Name	peace	Sample_Test	4	0	0


SYSTEM_START	-	peace-System-Product-Name	peace-System-Product-Name	2021-01-27 16:06:03


SYSTEM_INFO	Car_Generic <insert.your.version.no> #216	peace@peace-system-product-name 2021-01-27 11:42:00	(9.0.2 fh@obelix.ipg 2020-08-05 17:14:25)
SIM	1611731164	peace-System-Product-Name			0	0	0
SIM	1611731174	peace-System-Product-Name	peace	unknown	0	140.691	1150.38


SYSTEM_START	-	peace-System-Product-Name	peace-System-Product-Name	2021-01-27 16:18:22


SYSTEM_INFO	Car_Generic <insert.your.version.no> #216	peace@peace-system-product-name 2021-01-27 11:42:00	(9.0.2 fh@obelix.ipg 2020-08-05 17:14:25)
SIM	1611731902	peace-System-Product-Name			0	0	0


SYSTEM_START	-	peace-System-Product-Name	peace-System-Product-Name	2021-01-27 16:22:59


SYSTEM_INFO	Car_Generic <insert.your.version.no> #216	peace@peace-system-product-name 2021-01-27 11:42:00	(9.0.2 fh@obelix.ipg 2020-08-05 17:14:25)


SYSTEM_START	-	peace-System-Product-Name	peace-System-Product-Name	2021-01-27 16:23:15


SYSTEM_INFO	Car_Generic <insert.your.version.no> #216	peace@peace-system-product-name 2021-01-27 11:42:00	(9.0.2 fh@obelix.ipg 2020-08-05 17:14:25)
SIM	1611732195	peace-System-Product-Name			0	0	0
SIM	1611732213	peace-System-Product-Name	peace	unknown	0	140.691	1150.38


SYSTEM_START	-	peace-System-Product-Name	peace-System-Product-Name	2021-01-27 16:29:48


SYSTEM_INFO	Car_Generic <insert.your.version.no> #217	peace@peace-system-product-name 2021-01-27 16:29:01	(9.0.2 fh@obelix.ipg 2020-08-05 17:14:25)


SYSTEM_START	-	peace-System-Product-Name	peace-System-Product-Name	2021-01-27 16:30:04


SYSTEM_INFO	Car_Generic <insert.your.version.no> #217	peace@peace-system-product-name 2021-01-27 16:29:01	(9.0.2 fh@obelix.ipg 2020-08-05 17:14:25)
SIM	1611732604	peace-System-Product-Name			0	0	0
SIM	1611732616	peace-System-Product-Name	peace	unknown	0	80.401	651.759
SIM	1611732829	peace-System-Product-Name	peace	Sangam_AD_TestTrack_withTraffic	0	108.103	1150.36


SYSTEM_START	-	peace-System-Product-Name	peace-System-Product-Name	2021-01-27 23:56:07


SYSTEM_INFO	Car_Generic <insert.your.version.no> #218	peace@peace-system-product-name 2021-01-27 23:51:28	(9.0.2 fh@obelix.ipg 2020-08-05 17:14:25)
SIM	1611759368	peace-System-Product-Name			0	0	0
SIM	1611759378	peace-System-Product-Name	peace	unknown	1	0	0


SYSTEM_START	-	peace-System-Product-Name	peace-System-Product-Name	2021-01-27 23:56:28


SYSTEM_INFO	Car_Generic <insert.your.version.no> #218	peace@peace-system-product-name 2021-01-27 23:51:28	(9.0.2 fh@obelix.ipg 2020-08-05 17:14:25)
SIM	1611759389	peace-System-Product-Name			0	0	0
SIM	1611759401	peace-System-Product-Name	peace	unknown	0	140.691	1150.38
SIM	1611759570	peace-System-Product-Name	peace	unknown	0	140.691	1150.38


SYSTEM_START	-	peace-System-Product-Name	peace-System-Product-Name	2021-01-28 00:17:36


SYSTEM_INFO	Car_Generic <insert.your.version.no> #219	peace@peace-system-product-name 2021-01-28 00:15:18	(9.0.2 fh@obelix.ipg 2020-08-05 17:14:25)
SIM	1611760656	peace-System-Product-Name			0	0	0
SIM	1611760666	peace-System-Product-Name	peace	Sample_Test	0	7.082	41.0184
SIM	1611760689	peace-System-Product-Name	peace	Sample_Test	0	4.001	16.0038
SIM	1611760740	peace-System-Product-Name	peace	Sample_Test	0	140.691	1150.38


SYSTEM_START	-	peace-System-Product-Name	peace-System-Product-Name	2021-01-28 01:24:48


SYSTEM_INFO	Car_Generic <insert.your.version.no> #220	peace@peace-system-product-name 2021-01-28 01:23:31	(9.0.2 fh@obelix.ipg 2020-08-05 17:14:25)


SYSTEM_START	-	peace-System-Product-Name	peace-System-Product-Name	2021-01-28 01:24:57


SYSTEM_INFO	Car_Generic <insert.your.version.no> #220	peace@peace-system-product-name 2021-01-28 01:23:31	(9.0.2 fh@obelix.ipg 2020-08-05 17:14:25)
SIM	1611764698	peace-System-Product-Name			0	0	0
SIM	1611764704	peace-System-Product-Name	peace	Sample_Test	0	140.691	1150.38


SYSTEM_START	-	peace-System-Product-Name	peace-System-Product-Name	2021-01-28 03:09:49


SYSTEM_INFO	Car_Generic <insert.your.version.no> #220	peace@peace-system-product-name 2021-01-28 01:23:31	(9.0.2 fh@obelix.ipg 2020-08-05 17:14:25)


SYSTEM_START	-	peace-System-Product-Name	peace-System-Product-Name	2021-01-28 03:10:04


SYSTEM_INFO	Car_Generic <insert.your.version.no> #220	peace@peace-system-product-name 2021-01-28 01:23:31	(9.0.2 fh@obelix.ipg 2020-08-05 17:14:25)
SIM	1611771005	peace-System-Product-Name			0	0	0
SIM	1611771009	peace-System-Product-Name	peace	Sample_Test	1	0	0
SIM	1611771023	peace-System-Product-Name	peace	Sample_Test	1	0	0
SIM	1611771036	peace-System-Product-Name	peace	Sample_Test	1	0	0
SIM	1611771225	peace-System-Product-Name	peace	Sample_Test	1	0	0


SYSTEM_START	-	peace-System-Product-Name	peace-System-Product-Name	2021-01-28 03:56:57


SYSTEM_INFO	Car_Generic <insert.your.version.no> #230	peace@peace-system-product-name 2021-01-28 03:56:31	(9.0.2 fh@obelix.ipg 2020-08-05 17:14:25)


SYSTEM_START	-	peace-System-Product-Name	peace-System-Product-Name	2021-01-28 03:57:04


SYSTEM_INFO	Car_Generic <insert.your.version.no> #230	peace@peace-system-product-name 2021-01-28 03:56:31	(9.0.2 fh@obelix.ipg 2020-08-05 17:14:25)
SIM	1611773825	peace-System-Product-Name			0	0	0
SIM	1611773829	peace-System-Product-Name	peace	Sample_Test	1	0	0


SYSTEM_START	-	peace-System-Product-Name	peace-System-Product-Name	2021-01-28 04:07:45


SYSTEM_INFO	Car_Generic <insert.your.version.no> #234	peace@peace-system-product-name 2021-01-28 04:07:31	(9.0.2 fh@obelix.ipg 2020-08-05 17:14:25)
SIM	1611774465	peace-System-Product-Name			0	0	0
SIM	1611774468	peace-System-Product-Name	peace	Sample_Test	1	0	0


SYSTEM_START	-	peace-System-Product-Name	peace-System-Product-Name	2021-01-28 04:20:30


SYSTEM_INFO	Car_Generic <insert.your.version.no> #236	peace@peace-system-product-name 2021-01-28 04:20:17	(9.0.2 fh@obelix.ipg 2020-08-05 17:14:25)
SIM	1611775230	peace-System-Product-Name			0	0	0
SIM	1611775233	peace-System-Product-Name	peace	Sample_Test	1	0	0
SIM	1611775704	peace-System-Product-Name	peace	Sample_Test	1	0	0
SIM	1611775756	peace-System-Product-Name	peace	Sample_Test	8	0.001	0


SYSTEM_START	-	peace-System-Product-Name	peace-System-Product-Name	2021-01-28 04:42:45


SYSTEM_INFO	Car_Generic <insert.your.version.no> #240	peace@peace-system-product-name 2021-01-28 04:41:43	(9.0.2 fh@obelix.ipg 2020-08-05 17:14:25)
SIM	1611776565	peace-System-Product-Name			0	0	0
SIM	1611776568	peace-System-Product-Name	peace	Sample_Test	2	0.002	1.35585e-06


SYSTEM_START	-	peace-System-Product-Name	peace-System-Product-Name	2021-01-28 04:46:47


SYSTEM_INFO	Car_Generic <insert.your.version.no> #240	peace@peace-system-product-name 2021-01-28 04:41:43	(9.0.2 fh@obelix.ipg 2020-08-05 17:14:25)
SIM	1611776807	peace-System-Product-Name			0	0	0
SIM	1611776817	peace-System-Product-Name	peace	unknown	2	0.052	0.000191527
SIM	1611776888	peace-System-Product-Name	peace	unknown	2	0.052	0.000191527


SYSTEM_START	-	peace-System-Product-Name	peace-System-Product-Name	2021-01-28 04:52:46


SYSTEM_INFO	Car_Generic <insert.your.version.no> #242	peace@peace-system-product-name 2021-01-28 04:51:53	(9.0.2 fh@obelix.ipg 2020-08-05 17:14:25)
SIM	1611777166	peace-System-Product-Name			0	0	0
SIM	1611777176	peace-System-Product-Name	peace	unknown	2	0.052	0.000191527


SYSTEM_START	-	peace-System-Product-Name	peace-System-Product-Name	2021-01-28 04:54:53


SYSTEM_INFO	Car_Generic <insert.your.version.no> #243	peace@peace-system-product-name 2021-01-28 04:54:23	(9.0.2 fh@obelix.ipg 2020-08-05 17:14:25)
SIM	1611777293	peace-System-Product-Name			0	0	0
SIM	1611777304	peace-System-Product-Name	peace	unknown	0	28.352	218.231
SIM	1611777370	peace-System-Product-Name	peace	unknown	0	16.969	123.405
SIM	1611777423	peace-System-Product-Name	peace	unknown	0	114.694	931.97
SIM	1611777589	peace-System-Product-Name	peace	unknown	1	0	0
SIM	1611777757	peace-System-Product-Name	peace	unknown	0	140.746	1150.47
SIM	1611778092	peace-System-Product-Name	peace	unknown	0	140.746	1150.47


SYSTEM_START	-	peace-System-Product-Name	peace-System-Product-Name	2021-01-28 05:25:25


SYSTEM_INFO	Car_Generic <insert.your.version.no> #245	peace@peace-system-product-name 2021-01-28 05:22:07	(9.0.2 fh@obelix.ipg 2020-08-05 17:14:25)
SIM	1611779126	peace-System-Product-Name			0	0	0
SIM	1611779136	peace-System-Product-Name	peace	Sample_Test	4	0.001	0


SYSTEM_START	-	peace-System-Product-Name	peace-System-Product-Name	2021-01-28 05:35:56


SYSTEM_INFO	Car_Generic <insert.your.version.no> #246	peace@peace-system-product-name 2021-01-28 05:35:29	(9.0.2 fh@obelix.ipg 2020-08-05 17:14:25)
SIM	1611779756	peace-System-Product-Name			0	0	0
SIM	1611779759	peace-System-Product-Name	peace	Sample_Test	5	0.001	0


SYSTEM_START	-	peace-System-Product-Name	peace-System-Product-Name	2021-01-28 05:39:31


SYSTEM_INFO	Car_Generic <insert.your.version.no> #247	peace@peace-system-product-name 2021-01-28 05:39:17	(9.0.2 fh@obelix.ipg 2020-08-05 17:14:25)
SIM	1611779971	peace-System-Product-Name			0	0	0
SIM	1611779974	peace-System-Product-Name	peace	Sample_Test	5	0.001	0


SYSTEM_START	-	peace-System-Product-Name	peace-System-Product-Name	2021-01-28 05:44:47


SYSTEM_INFO	Car_Generic <insert.your.version.no> #248	peace@peace-system-product-name 2021-01-28 05:44:33	(9.0.2 fh@obelix.ipg 2020-08-05 17:14:25)
SIM	1611780288	peace-System-Product-Name			0	0	0
SIM	1611780290	peace-System-Product-Name	peace	Sample_Test	5	0.001	0


SYSTEM_START	-	peace-System-Product-Name	peace-System-Product-Name	2021-01-28 05:47:51


SYSTEM_INFO	Car_Generic <insert.your.version.no> #249	peace@peace-system-product-name 2021-01-28 05:47:38	(9.0.2 fh@obelix.ipg 2020-08-05 17:14:25)
SIM	1611780471	peace-System-Product-Name			0	0	0
SIM	1611780474	peace-System-Product-Name	peace	Sample_Test	2	0.001	0
SIM	1611780928	peace-System-Product-Name	peace	Sample_Test	2	0.001	0


SYSTEM_START	-	peace-System-Product-Name	peace-System-Product-Name	2021-01-28 06:07:55


SYSTEM_INFO	Car_Generic <insert.your.version.no> #250	peace@peace-system-product-name 2021-01-28 06:07:01	(9.0.2 fh@obelix.ipg 2020-08-05 17:14:25)
SIM	1611781676	peace-System-Product-Name			0	0	0
SIM	1611781678	peace-System-Product-Name	peace	Sample_Test	0	139.75	1142.17
SIM	1611781839	peace-System-Product-Name	peace	Sample_Test	0	66.652	536.986
SIM	1611781934	peace-System-Product-Name	peace	Sample_Test	0	73.897	597.392
SIM	1611782023	peace-System-Product-Name	peace	Sample_Test	0	40.162	316.624
SIM	1611782077	peace-System-Product-Name	peace	Sample_Test	0	128.995	1052.5
SIM	1611782221	peace-System-Product-Name	peace	Sample_Test	0	140.746	1150.47
SIM	1611782387	peace-System-Product-Name	peace	Sample_Test	0	140.746	1150.47


SYSTEM_START	-	peace-System-Product-Name	peace-System-Product-Name	2021-01-28 14:21:56


SYSTEM_INFO	Car_Generic <insert.your.version.no> #251	peace@peace-system-product-name 2021-01-28 14:21:44	(9.0.2 fh@obelix.ipg 2020-08-05 17:14:25)
SIM	1611811316	peace-System-Product-Name			0	0	0
SIM	1611811319	peace-System-Product-Name	peace	Sample_Test	2	0.001	0


SYSTEM_START	-	peace-System-Product-Name	peace-System-Product-Name	2021-01-28 14:23:46


SYSTEM_INFO	Car_Generic <insert.your.version.no> #252	peace@peace-system-product-name 2021-01-28 14:23:32	(9.0.2 fh@obelix.ipg 2020-08-05 17:14:25)
SIM	1611811426	peace-System-Product-Name			0	0	0
SIM	1611811429	peace-System-Product-Name	peace	Sample_Test	2	0.001	0


SYSTEM_START	-	peace-System-Product-Name	peace-System-Product-Name	2021-01-28 14:26:04


SYSTEM_INFO	Car_Generic <insert.your.version.no> #253	peace@peace-system-product-name 2021-01-28 14:25:54	(9.0.2 fh@obelix.ipg 2020-08-05 17:14:25)
SIM	1611811565	peace-System-Product-Name			0	0	0
SIM	1611811568	peace-System-Product-Name	peace	Sample_Test	2	0.001	0


SYSTEM_START	-	peace-System-Product-Name	peace-System-Product-Name	2021-01-28 14:35:09


SYSTEM_INFO	Car_Generic <insert.your.version.no> #254	peace@peace-system-product-name 2021-01-28 14:34:56	(9.0.2 fh@obelix.ipg 2020-08-05 17:14:25)
SIM	1611812110	peace-System-Product-Name			0	0	0
SIM	1611812112	peace-System-Product-Name	peace	Sample_Test	2	0.001	0


SYSTEM_START	-	peace-System-Product-Name	peace-System-Product-Name	2021-01-28 14:37:13


SYSTEM_INFO	Car_Generic <insert.your.version.no> #255	peace@peace-system-product-name 2021-01-28 14:36:55	(9.0.2 fh@obelix.ipg 2020-08-05 17:14:25)
SIM	1611812233	peace-System-Product-Name			0	0	0
SIM	1611812236	peace-System-Product-Name	peace	Sample_Test	2	0.001	0


SYSTEM_START	-	peace-System-Product-Name	peace-System-Product-Name	2021-01-28 14:39:45


SYSTEM_INFO	Car_Generic <insert.your.version.no> #256	peace@peace-system-product-name 2021-01-28 14:39:34	(9.0.2 fh@obelix.ipg 2020-08-05 17:14:25)
SIM	1611812385	peace-System-Product-Name			0	0	0
SIM	1611812388	peace-System-Product-Name	peace	Sample_Test	2	0.001	0


SYSTEM_START	-	peace-System-Product-Name	peace-System-Product-Name	2021-01-28 14:56:56


SYSTEM_INFO	Car_Generic <insert.your.version.no> #257	peace@peace-system-product-name 2021-01-28 14:56:45	(9.0.2 fh@obelix.ipg 2020-08-05 17:14:25)
SIM	1611813416	peace-System-Product-Name			0	0	0
SIM	1611813419	peace-System-Product-Name	peace	Sample_Test	2	0.001	0


SYSTEM_START	-	peace-System-Product-Name	peace-System-Product-Name	2021-01-28 14:57:54


SYSTEM_INFO	Car_Generic <insert.your.version.no> #258	peace@peace-system-product-name 2021-01-28 14:57:41	(9.0.2 fh@obelix.ipg 2020-08-05 17:14:25)
SIM	1611813475	peace-System-Product-Name			0	0	0
SIM	1611813478	peace-System-Product-Name	peace	Sample_Test	2	0.001	0


SYSTEM_START	-	peace-System-Product-Name	peace-System-Product-Name	2021-01-29 13:05:21


SYSTEM_INFO	Car_Generic <insert.your.version.no> #260	peace@peace-system-product-name 2021-01-29 13:04:46	(9.0.2 fh@obelix.ipg 2020-08-05 17:14:25)


SYSTEM_START	-	peace-System-Product-Name	peace-System-Product-Name	2021-01-29 13:05:30


SYSTEM_INFO	Car_Generic <insert.your.version.no> #260	peace@peace-system-product-name 2021-01-29 13:04:46	(9.0.2 fh@obelix.ipg 2020-08-05 17:14:25)
SIM	1611893130	peace-System-Product-Name			0	0	0
SIM	1611893135	peace-System-Product-Name	peace	Sample_Test	2	0.001	0


SYSTEM_START	-	peace-System-Product-Name	peace-System-Product-Name	2021-01-29 13:12:25


SYSTEM_INFO	Car_Generic <insert.your.version.no> #261	peace@peace-system-product-name 2021-01-29 13:12:10	(9.0.2 fh@obelix.ipg 2020-08-05 17:14:25)
SIM	1611893546	peace-System-Product-Name			0	0	0
SIM	1611893548	peace-System-Product-Name	peace	Sample_Test	2	0.001	0


SYSTEM_START	-	peace-System-Product-Name	peace-System-Product-Name	2021-01-29 13:17:41


SYSTEM_INFO	Car_Generic <insert.your.version.no> #262	peace@peace-system-product-name 2021-01-29 13:17:25	(9.0.2 fh@obelix.ipg 2020-08-05 17:14:25)
SIM	1611893862	peace-System-Product-Name			0	0	0
SIM	1611893864	peace-System-Product-Name	peace	Sample_Test	2	0.001	0
SIM	1611894012	peace-System-Product-Name	peace	Sample_Test	2	0.001	0


SYSTEM_START	-	peace-System-Product-Name	peace-System-Product-Name	2021-01-29 15:32:47


SYSTEM_INFO	Car_Generic <insert.your.version.no> #263	peace@peace-system-product-name 2021-01-29 15:31:19	(9.0.2 fh@obelix.ipg 2020-08-05 17:14:25)
SIM	1611901968	peace-System-Product-Name			0	0	0


SYSTEM_START	-	peace-System-Product-Name	peace-System-Product-Name	2021-01-29 17:55:51


SYSTEM_INFO	Car_Generic <insert.your.version.no> #264	peace@peace-system-product-name 2021-01-29 17:55:32	(9.0.2 fh@obelix.ipg 2020-08-05 17:14:25)
SIM	1611910551	peace-System-Product-Name			0	0	0
SIM	1611910699	peace-System-Product-Name	peace	Sample_Test	1	88.359	709.998


SYSTEM_START	-	peace-System-Product-Name	peace-System-Product-Name	2021-01-29 18:00:49


SYSTEM_INFO	Car_Generic <insert.your.version.no> #265	peace@peace-system-product-name 2021-01-29 17:59:54	(9.0.2 fh@obelix.ipg 2020-08-05 17:14:25)


SYSTEM_START	-	peace-System-Product-Name	peace-System-Product-Name	2021-01-29 18:00:58


SYSTEM_INFO	Car_Generic <insert.your.version.no> #265	peace@peace-system-product-name 2021-01-29 17:59:54	(9.0.2 fh@obelix.ipg 2020-08-05 17:14:25)
SIM	1611910858	peace-System-Product-Name			0	0	0
SIM	1611910873	peace-System-Product-Name	peace	Sample_Test	0	129.367	924.2
SIM	1611911040	peace-System-Product-Name	peace	Sample_Test11212	1	96.995	525.953
SIM	1611911179	peace-System-Product-Name	peace	Sample_Test11212	1	37.63	327.336
SIM	1611911238	peace-System-Product-Name	peace	Sample_Test11212	1	44.28	267.368
SIM	1611911298	peace-System-Product-Name	peace	Sample_Test11212	1	49.481	273.578
SIM	1611911370	peace-System-Product-Name	peace	Sample_Test11212	1	35.702	26.6965
